\BOOKMARK [1][-]{section.1}{Introduction}{}% 1
\BOOKMARK [1][-]{section.2}{Background}{}% 2
\BOOKMARK [2][-]{subsection.2.1}{Travelling Salesman Problem}{section.2}% 3
\BOOKMARK [2][-]{subsection.2.2}{Genetic Algorithms}{section.2}% 4
\BOOKMARK [3][-]{subsubsection.2.2.1}{Individuals}{subsection.2.2}% 5
\BOOKMARK [3][-]{subsubsection.2.2.2}{Objective Function and Fitness}{subsection.2.2}% 6
\BOOKMARK [3][-]{subsubsection.2.2.3}{Mutation}{subsection.2.2}% 7
\BOOKMARK [3][-]{subsubsection.2.2.4}{Crossover}{subsection.2.2}% 8
\BOOKMARK [1][-]{section.3}{Literature Review}{}% 9
\BOOKMARK [2][-]{subsection.3.1}{Different Crossover Operators}{section.3}% 10
\BOOKMARK [3][-]{subsubsection.3.1.1}{Partially Mapped Crossover}{subsection.3.1}% 11
\BOOKMARK [3][-]{subsubsection.3.1.2}{Order Crossover}{subsection.3.1}% 12
\BOOKMARK [3][-]{subsubsection.3.1.3}{Cycle Crossover}{subsection.3.1}% 13
\BOOKMARK [2][-]{subsection.3.2}{Different Algorithms for TSP}{section.3}% 14
\BOOKMARK [3][-]{subsubsection.3.2.1}{Brute Force Algorithm}{subsection.3.2}% 15
\BOOKMARK [3][-]{subsubsection.3.2.2}{Greedy Algorithm}{subsection.3.2}% 16
\BOOKMARK [3][-]{subsubsection.3.2.3}{Held-Karp Algorithm}{subsection.3.2}% 17
\BOOKMARK [3][-]{subsubsection.3.2.4}{Christofides Algorithm}{subsection.3.2}% 18
\BOOKMARK [1][-]{section.4}{Implementation}{}% 19
\BOOKMARK [2][-]{subsection.4.1}{Data Sets}{section.4}% 20
\BOOKMARK [2][-]{subsection.4.2}{Data Structures}{section.4}% 21
\BOOKMARK [2][-]{subsection.4.3}{Parameters}{section.4}% 22
\BOOKMARK [3][-]{subsubsection.4.3.1}{Generations and Population}{subsection.4.3}% 23
\BOOKMARK [3][-]{subsubsection.4.3.2}{Mutation and Crossover}{subsection.4.3}% 24
\BOOKMARK [1][-]{section*.3}{References}{}% 25
